<?xml version="1.0" encoding="UTF-8"?>
<testng-results skipped="0" failed="0" total="1" passed="1">
  <reporter-output>
  </reporter-output>
  <suite name="Suite" duration-ms="33059" started-at="2017-12-26T17:33:44Z" finished-at="2017-12-26T17:34:17Z">
    <groups>
    </groups>
    <test name="Test" duration-ms="33059" started-at="2017-12-26T17:33:44Z" finished-at="2017-12-26T17:34:17Z">
      <class name="com.maven.demo.MyMavenDemo.TestOpenApp">
        <test-method status="PASS" signature="openApp()[pri:0, instance:com.maven.demo.MyMavenDemo.TestOpenApp@23223dd8]" name="openApp" duration-ms="33036" started-at="2017-12-26T17:33:44Z" finished-at="2017-12-26T17:34:17Z">
        </test-method>
      </class>
    </test>
  </suite>
</testng-results>
